# JRE version: OpenJDK Runtime Environment (8.0_242-b01) (build 1.8.0_242-release-1644-b01)
# Java VM: OpenJDK 64-Bit Server VM (25.242-b01 mixed mode windows-amd64 compressed oops)
Heap:
 PSYoungGen      total 173056K, used 25265K [0x00000000d5580000, 0x00000000e3380000, 0x0000000100000000)
  eden space 155136K, 6% used [0x00000000d5580000,0x00000000d5f33588,0x00000000ded00000)
  from space 17920K, 85% used [0x00000000ded00000,0x00000000dfbf8f68,0x00000000dfe80000)
  to   space 19968K, 0% used [0x00000000e2000000,0x00000000e2000000,0x00000000e3380000)
 ParOldGen       total 112640K, used 35244K [0x0000000080000000, 0x0000000086e00000, 0x00000000d5580000)
  object space 112640K, 31% used [0x0000000080000000,0x000000008226b220,0x0000000086e00000)
 Metaspace       used 65637K, capacity 68730K, committed 68824K, reserved 1107968K
  class space    used 9046K, capacity 9642K, committed 9728K, reserved 1048576K
GC Heap History (10 events):
Event: 27.928 GC heap before
{Heap before GC invocations=14 (full 2):
 PSYoungGen      total 105472K, used 93184K [0x00000000d5580000, 0x00000000dfd80000, 0x0000000100000000)
  eden space 93184K, 100% used [0x00000000d5580000,0x00000000db080000,0x00000000db080000)
  from space 12288K, 0% used [0x00000000db080000,0x00000000db080000,0x00000000dbc80000)
  to   space 12800K, 0% used [0x00000000df100000,0x00000000df100000,0x00000000dfd80000)
 ParOldGen       total 70144K, used 14307K [0x0000000080000000, 0x0000000084480000, 0x00000000d5580000)
  object space 70144K, 20% used [0x0000000080000000,0x0000000080df8ea0,0x0000000084480000)
 Metaspace       used 36850K, capacity 38438K, committed 38616K, reserved 1083392K
  class space    used 5064K, capacity 5352K, committed 5376K, reserved 1048576K
Event: 27.968 GC heap after
Heap after GC invocations=14 (full 2):
 PSYoungGen      total 128512K, used 6127K [0x00000000d5580000, 0x00000000df700000, 0x0000000100000000)
  eden space 122368K, 0% used [0x00000000d5580000,0x00000000d5580000,0x00000000dcd00000)
  from space 6144K, 99% used [0x00000000df100000,0x00000000df6fbf78,0x00000000df700000)
  to   space 12288K, 0% used [0x00000000ddf00000,0x00000000ddf00000,0x00000000deb00000)
 ParOldGen       total 70144K, used 14315K [0x0000000080000000, 0x0000000084480000, 0x00000000d5580000)
  object space 70144K, 20% used [0x0000000080000000,0x0000000080dfaea0,0x0000000084480000)
 Metaspace       used 36850K, capacity 38438K, committed 38616K, reserved 1083392K
  class space    used 5064K, capacity 5352K, committed 5376K, reserved 1048576K
}
Event: 31.478 GC heap before
{Heap before GC invocations=15 (full 2):
 PSYoungGen      total 128512K, used 128495K [0x00000000d5580000, 0x00000000df700000, 0x0000000100000000)
  eden space 122368K, 100% used [0x00000000d5580000,0x00000000dcd00000,0x00000000dcd00000)
  from space 6144K, 99% used [0x00000000df100000,0x00000000df6fbf78,0x00000000df700000)
  to   space 12288K, 0% used [0x00000000ddf00000,0x00000000ddf00000,0x00000000deb00000)
 ParOldGen       total 70144K, used 14315K [0x0000000080000000, 0x0000000084480000, 0x00000000d5580000)
  object space 70144K, 20% used [0x0000000080000000,0x0000000080dfaea0,0x0000000084480000)
 Metaspace       used 48390K, capacity 50422K, committed 50648K, reserved 1093632K
  class space    used 6501K, capacity 6871K, committed 6912K, reserved 1048576K
Event: 31.501 GC heap after
Heap after GC invocations=15 (full 2):
 PSYoungGen      total 153088K, used 12274K [0x00000000d5580000, 0x00000000e0f00000, 0x0000000100000000)
  eden space 140800K, 0% used [0x00000000d5580000,0x00000000d5580000,0x00000000ddf00000)
  from space 12288K, 99% used [0x00000000ddf00000,0x00000000deafcba0,0x00000000deb00000)
  to   space 16896K, 0% used [0x00000000dfe80000,0x00000000dfe80000,0x00000000e0f00000)
 ParOldGen       total 70144K, used 22595K [0x0000000080000000, 0x0000000084480000, 0x00000000d5580000)
  object space 70144K, 32% used [0x0000000080000000,0x0000000081610f10,0x0000000084480000)
 Metaspace       used 48390K, capacity 50422K, committed 50648K, reserved 1093632K
  class space    used 6501K, capacity 6871K, committed 6912K, reserved 1048576K
}
Event: 34.026 GC heap before
{Heap before GC invocations=16 (full 2):
 PSYoungGen      total 153088K, used 112702K [0x00000000d5580000, 0x00000000e0f00000, 0x0000000100000000)
  eden space 140800K, 71% used [0x00000000d5580000,0x00000000db793030,0x00000000ddf00000)
  from space 12288K, 99% used [0x00000000ddf00000,0x00000000deafcba0,0x00000000deb00000)
  to   space 16896K, 0% used [0x00000000dfe80000,0x00000000dfe80000,0x00000000e0f00000)
 ParOldGen       total 70144K, used 22595K [0x0000000080000000, 0x0000000084480000, 0x00000000d5580000)
  object space 70144K, 32% used [0x0000000080000000,0x0000000081610f10,0x0000000084480000)
 Metaspace       used 56689K, capacity 58940K, committed 59028K, reserved 1099776K
  class space    used 7674K, capacity 8133K, committed 8192K, reserved 1048576K
Event: 34.043 GC heap after
Heap after GC invocations=16 (full 2):
 PSYoungGen      total 172032K, used 12320K [0x00000000d5580000, 0x00000000e2380000, 0x0000000100000000)
  eden space 155136K, 0% used [0x00000000d5580000,0x00000000d5580000,0x00000000ded00000)
  from space 16896K, 72% used [0x00000000dfe80000,0x00000000e0a88200,0x00000000e0f00000)
  to   space 17920K, 0% used [0x00000000ded00000,0x00000000ded00000,0x00000000dfe80000)
 ParOldGen       total 70144K, used 29523K [0x0000000080000000, 0x0000000084480000, 0x00000000d5580000)
  object space 70144K, 42% used [0x0000000080000000,0x0000000081cd4d60,0x0000000084480000)
 Metaspace       used 56689K, capacity 58940K, committed 59028K, reserved 1099776K
  class space    used 7674K, capacity 8133K, committed 8192K, reserved 1048576K
}
Event: 34.043 GC heap before
{Heap before GC invocations=17 (full 3):
 PSYoungGen      total 172032K, used 12320K [0x00000000d5580000, 0x00000000e2380000, 0x0000000100000000)
  eden space 155136K, 0% used [0x00000000d5580000,0x00000000d5580000,0x00000000ded00000)
  from space 16896K, 72% used [0x00000000dfe80000,0x00000000e0a88200,0x00000000e0f00000)
  to   space 17920K, 0% used [0x00000000ded00000,0x00000000ded00000,0x00000000dfe80000)
 ParOldGen       total 70144K, used 29523K [0x0000000080000000, 0x0000000084480000, 0x00000000d5580000)
  object space 70144K, 42% used [0x0000000080000000,0x0000000081cd4d60,0x0000000084480000)
 Metaspace       used 56689K, capacity 58940K, committed 59028K, reserved 1099776K
  class space    used 7674K, capacity 8133K, committed 8192K, reserved 1048576K
Event: 34.361 GC heap after
Heap after GC invocations=17 (full 3):
 PSYoungGen      total 172032K, used 0K [0x00000000d5580000, 0x00000000e2380000, 0x0000000100000000)
  eden space 155136K, 0% used [0x00000000d5580000,0x00000000d5580000,0x00000000ded00000)
  from space 16896K, 0% used [0x00000000dfe80000,0x00000000dfe80000,0x00000000e0f00000)
  to   space 17920K, 0% used [0x00000000ded00000,0x00000000ded00000,0x00000000dfe80000)
 ParOldGen       total 112640K, used 35236K [0x0000000080000000, 0x0000000086e00000, 0x00000000d5580000)
  object space 112640K, 31% used [0x0000000080000000,0x0000000082269220,0x0000000086e00000)
 Metaspace       used 56650K, capacity 58808K, committed 59028K, reserved 1099776K
  class space    used 7662K, capacity 8111K, committed 8192K, reserved 1048576K
}
Event: 38.213 GC heap before
{Heap before GC invocations=18 (full 3):
 PSYoungGen      total 172032K, used 155136K [0x00000000d5580000, 0x00000000e2380000, 0x0000000100000000)
  eden space 155136K, 100% used [0x00000000d5580000,0x00000000ded00000,0x00000000ded00000)
  from space 16896K, 0% used [0x00000000dfe80000,0x00000000dfe80000,0x00000000e0f00000)
  to   space 17920K, 0% used [0x00000000ded00000,0x00000000ded00000,0x00000000dfe80000)
 ParOldGen       total 112640K, used 35236K [0x0000000080000000, 0x0000000086e00000, 0x00000000d5580000)
  object space 112640K, 31% used [0x0000000080000000,0x0000000082269220,0x0000000086e00000)
 Metaspace       used 65548K, capacity 68666K, committed 68824K, reserved 1107968K
  class space    used 9046K, capacity 9642K, committed 9728K, reserved 1048576K
Event: 38.229 GC heap after
Heap after GC invocations=18 (full 3):
 PSYoungGen      total 173056K, used 15331K [0x00000000d5580000, 0x00000000e3380000, 0x0000000100000000)
  eden space 155136K, 0% used [0x00000000d5580000,0x00000000d5580000,0x00000000ded00000)
  from space 17920K, 85% used [0x00000000ded00000,0x00000000dfbf8f68,0x00000000dfe80000)
  to   space 19968K, 0% used [0x00000000e2000000,0x00000000e2000000,0x00000000e3380000)
 ParOldGen       total 112640K, used 35244K [0x0000000080000000, 0x0000000086e00000, 0x00000000d5580000)
  object space 112640K, 31% used [0x0000000080000000,0x000000008226b220,0x0000000086e00000)
 Metaspace       used 65548K, capacity 68666K, committed 68824K, reserved 1107968K
  class space    used 9046K, capacity 9642K, committed 9728K, reserved 1048576K
}

