# JRE version: OpenJDK Runtime Environment (8.0_242-b01) (build 1.8.0_242-release-1644-b01)
# Java VM: OpenJDK 64-Bit Server VM (25.242-b01 mixed mode windows-amd64 compressed oops)
Heap:
 PSYoungGen      total 252416K, used 65008K [0x00000000d5580000, 0x00000000e9f00000, 0x0000000100000000)
  eden space 196096K, 11% used [0x00000000d5580000,0x00000000d6af6b50,0x00000000e1500000)
  from space 56320K, 76% used [0x00000000e1500000,0x00000000e3f05600,0x00000000e4c00000)
  to   space 37376K, 0% used [0x00000000e4c00000,0x00000000e4c00000,0x00000000e7080000)
 ParOldGen       total 245248K, used 115163K [0x0000000080000000, 0x000000008ef80000, 0x00000000d5580000)
  object space 245248K, 46% used [0x0000000080000000,0x0000000087076e08,0x000000008ef80000)
 Metaspace       used 93230K, capacity 97808K, committed 98008K, reserved 1134592K
  class space    used 12648K, capacity 13498K, committed 13568K, reserved 1048576K
GC Heap History (10 events):
Event: 47.468 GC heap before
{Heap before GC invocations=21 (full 3):
 PSYoungGen      total 199680K, used 184971K [0x00000000d5580000, 0x00000000e4700000, 0x0000000100000000)
  eden space 172544K, 100% used [0x00000000d5580000,0x00000000dfe00000,0x00000000dfe00000)
  from space 27136K, 45% used [0x00000000dfe00000,0x00000000e0a22fc8,0x00000000e1880000)
  to   space 26112K, 0% used [0x00000000e2d80000,0x00000000e2d80000,0x00000000e4700000)
 ParOldGen       total 118272K, used 68840K [0x0000000080000000, 0x0000000087380000, 0x00000000d5580000)
  object space 118272K, 58% used [0x0000000080000000,0x000000008433a0c8,0x0000000087380000)
 Metaspace       used 74560K, capacity 78054K, committed 78296K, reserved 1116160K
  class space    used 10026K, capacity 10658K, committed 10752K, reserved 1048576K
Event: 47.505 GC heap after
Heap after GC invocations=21 (full 3):
 PSYoungGen      total 219648K, used 19551K [0x00000000d5580000, 0x00000000e4880000, 0x0000000100000000)
  eden space 193536K, 0% used [0x00000000d5580000,0x00000000d5580000,0x00000000e1280000)
  from space 26112K, 74% used [0x00000000e2d80000,0x00000000e4097f68,0x00000000e4700000)
  to   space 27648K, 0% used [0x00000000e1280000,0x00000000e1280000,0x00000000e2d80000)
 ParOldGen       total 118272K, used 68848K [0x0000000080000000, 0x0000000087380000, 0x00000000d5580000)
  object space 118272K, 58% used [0x0000000080000000,0x000000008433c0c8,0x0000000087380000)
 Metaspace       used 74560K, capacity 78054K, committed 78296K, reserved 1116160K
  class space    used 10026K, capacity 10658K, committed 10752K, reserved 1048576K
}
Event: 64.714 GC heap before
{Heap before GC invocations=22 (full 3):
 PSYoungGen      total 219648K, used 213087K [0x00000000d5580000, 0x00000000e4880000, 0x0000000100000000)
  eden space 193536K, 100% used [0x00000000d5580000,0x00000000e1280000,0x00000000e1280000)
  from space 26112K, 74% used [0x00000000e2d80000,0x00000000e4097f68,0x00000000e4700000)
  to   space 27648K, 0% used [0x00000000e1280000,0x00000000e1280000,0x00000000e2d80000)
 ParOldGen       total 118272K, used 68848K [0x0000000080000000, 0x0000000087380000, 0x00000000d5580000)
  object space 118272K, 58% used [0x0000000080000000,0x000000008433c0c8,0x0000000087380000)
 Metaspace       used 84511K, capacity 88414K, committed 88664K, reserved 1126400K
  class space    used 11388K, capacity 12115K, committed 12160K, reserved 1048576K
Event: 64.805 GC heap after
Heap after GC invocations=22 (full 3):
 PSYoungGen      total 221184K, used 27635K [0x00000000d5580000, 0x00000000e7080000, 0x0000000100000000)
  eden space 193536K, 0% used [0x00000000d5580000,0x00000000d5580000,0x00000000e1280000)
  from space 27648K, 99% used [0x00000000e1280000,0x00000000e2d7ce78,0x00000000e2d80000)
  to   space 37376K, 0% used [0x00000000e4c00000,0x00000000e4c00000,0x00000000e7080000)
 ParOldGen       total 118272K, used 83443K [0x0000000080000000, 0x0000000087380000, 0x00000000d5580000)
  object space 118272K, 70% used [0x0000000080000000,0x000000008517ccc8,0x0000000087380000)
 Metaspace       used 84511K, capacity 88414K, committed 88664K, reserved 1126400K
  class space    used 11388K, capacity 12115K, committed 12160K, reserved 1048576K
}
Event: 66.925 GC heap before
{Heap before GC invocations=23 (full 3):
 PSYoungGen      total 221184K, used 221171K [0x00000000d5580000, 0x00000000e7080000, 0x0000000100000000)
  eden space 193536K, 100% used [0x00000000d5580000,0x00000000e1280000,0x00000000e1280000)
  from space 27648K, 99% used [0x00000000e1280000,0x00000000e2d7ce78,0x00000000e2d80000)
  to   space 37376K, 0% used [0x00000000e4c00000,0x00000000e4c00000,0x00000000e7080000)
 ParOldGen       total 118272K, used 83443K [0x0000000080000000, 0x0000000087380000, 0x00000000d5580000)
  object space 118272K, 70% used [0x0000000080000000,0x000000008517ccc8,0x0000000087380000)
 Metaspace       used 92060K, capacity 96700K, committed 96984K, reserved 1132544K
  class space    used 12598K, capacity 13496K, committed 13568K, reserved 1048576K
Event: 66.998 GC heap after
Heap after GC invocations=23 (full 3):
 PSYoungGen      total 233472K, used 37368K [0x00000000d5580000, 0x00000000e9f00000, 0x0000000100000000)
  eden space 196096K, 0% used [0x00000000d5580000,0x00000000d5580000,0x00000000e1500000)
  from space 37376K, 99% used [0x00000000e4c00000,0x00000000e707e1f8,0x00000000e7080000)
  to   space 56320K, 0% used [0x00000000e1500000,0x00000000e1500000,0x00000000e4c00000)
 ParOldGen       total 118784K, used 118388K [0x0000000080000000, 0x0000000087400000, 0x00000000d5580000)
  object space 118784K, 99% used [0x0000000080000000,0x000000008739d0c0,0x0000000087400000)
 Metaspace       used 92060K, capacity 96700K, committed 96984K, reserved 1132544K
  class space    used 12598K, capacity 13496K, committed 13568K, reserved 1048576K
}
Event: 66.998 GC heap before
{Heap before GC invocations=24 (full 4):
 PSYoungGen      total 233472K, used 37368K [0x00000000d5580000, 0x00000000e9f00000, 0x0000000100000000)
  eden space 196096K, 0% used [0x00000000d5580000,0x00000000d5580000,0x00000000e1500000)
  from space 37376K, 99% used [0x00000000e4c00000,0x00000000e707e1f8,0x00000000e7080000)
  to   space 56320K, 0% used [0x00000000e1500000,0x00000000e1500000,0x00000000e4c00000)
 ParOldGen       total 118784K, used 118388K [0x0000000080000000, 0x0000000087400000, 0x00000000d5580000)
  object space 118784K, 99% used [0x0000000080000000,0x000000008739d0c0,0x0000000087400000)
 Metaspace       used 92060K, capacity 96700K, committed 96984K, reserved 1132544K
  class space    used 12598K, capacity 13496K, committed 13568K, reserved 1048576K
Event: 68.290 GC heap after
Heap after GC invocations=24 (full 4):
 PSYoungGen      total 233472K, used 0K [0x00000000d5580000, 0x00000000e9f00000, 0x0000000100000000)
  eden space 196096K, 0% used [0x00000000d5580000,0x00000000d5580000,0x00000000e1500000)
  from space 37376K, 0% used [0x00000000e4c00000,0x00000000e4c00000,0x00000000e7080000)
  to   space 56320K, 0% used [0x00000000e1500000,0x00000000e1500000,0x00000000e4c00000)
 ParOldGen       total 245248K, used 115155K [0x0000000080000000, 0x000000008ef80000, 0x00000000d5580000)
  object space 245248K, 46% used [0x0000000080000000,0x0000000087074e08,0x000000008ef80000)
 Metaspace       used 91759K, capacity 95918K, committed 96984K, reserved 1132544K
  class space    used 12497K, capacity 13315K, committed 13568K, reserved 1048576K
}
Event: 69.376 GC heap before
{Heap before GC invocations=25 (full 4):
 PSYoungGen      total 233472K, used 196096K [0x00000000d5580000, 0x00000000e9f00000, 0x0000000100000000)
  eden space 196096K, 100% used [0x00000000d5580000,0x00000000e1500000,0x00000000e1500000)
  from space 37376K, 0% used [0x00000000e4c00000,0x00000000e4c00000,0x00000000e7080000)
  to   space 56320K, 0% used [0x00000000e1500000,0x00000000e1500000,0x00000000e4c00000)
 ParOldGen       total 245248K, used 115155K [0x0000000080000000, 0x000000008ef80000, 0x00000000d5580000)
  object space 245248K, 46% used [0x0000000080000000,0x0000000087074e08,0x000000008ef80000)
 Metaspace       used 93159K, capacity 97800K, committed 98008K, reserved 1134592K
  class space    used 12647K, capacity 13498K, committed 13568K, reserved 1048576K
Event: 69.448 GC heap after
Heap after GC invocations=25 (full 4):
 PSYoungGen      total 252416K, used 43029K [0x00000000d5580000, 0x00000000e9f00000, 0x0000000100000000)
  eden space 196096K, 0% used [0x00000000d5580000,0x00000000d5580000,0x00000000e1500000)
  from space 56320K, 76% used [0x00000000e1500000,0x00000000e3f05600,0x00000000e4c00000)
  to   space 37376K, 0% used [0x00000000e4c00000,0x00000000e4c00000,0x00000000e7080000)
 ParOldGen       total 245248K, used 115163K [0x0000000080000000, 0x000000008ef80000, 0x00000000d5580000)
  object space 245248K, 46% used [0x0000000080000000,0x0000000087076e08,0x000000008ef80000)
 Metaspace       used 93159K, capacity 97800K, committed 98008K, reserved 1134592K
  class space    used 12647K, capacity 13498K, committed 13568K, reserved 1048576K
}

