# JRE version: OpenJDK Runtime Environment (8.0_242-b01) (build 1.8.0_242-release-1644-b01)
# Java VM: OpenJDK 64-Bit Server VM (25.242-b01 mixed mode windows-amd64 compressed oops)
Heap:
 PSYoungGen      total 229376K, used 220518K [0x00000000d5580000, 0x00000000e5580000, 0x0000000100000000)
  eden space 202752K, 97% used [0x00000000d5580000,0x00000000e15a8260,0x00000000e1b80000)
  from space 26624K, 89% used [0x00000000e3880000,0x00000000e4fb1748,0x00000000e5280000)
  to   space 29696K, 0% used [0x00000000e1b80000,0x00000000e1b80000,0x00000000e3880000)
 ParOldGen       total 113152K, used 44509K [0x0000000080000000, 0x0000000086e80000, 0x00000000d5580000)
  object space 113152K, 39% used [0x0000000080000000,0x0000000082b77748,0x0000000086e80000)
 Metaspace       used 79289K, capacity 82992K, committed 83288K, reserved 1122304K
  class space    used 10394K, capacity 11055K, committed 11136K, reserved 1048576K
GC Heap History (10 events):
Event: 26.877 GC heap before
{Heap before GC invocations=17 (full 3):
 PSYoungGen      total 175616K, used 12625K [0x00000000d5580000, 0x00000000e2800000, 0x0000000100000000)
  eden space 158720K, 0% used [0x00000000d5580000,0x00000000d5580000,0x00000000df080000)
  from space 16896K, 74% used [0x00000000e0200000,0x00000000e0e54750,0x00000000e1280000)
  to   space 17920K, 0% used [0x00000000df080000,0x00000000df080000,0x00000000e0200000)
 ParOldGen       total 69632K, used 28993K [0x0000000080000000, 0x0000000084400000, 0x00000000d5580000)
  object space 69632K, 41% used [0x0000000080000000,0x0000000081c50570,0x0000000084400000)
 Metaspace       used 56611K, capacity 58956K, committed 59028K, reserved 1099776K
  class space    used 7667K, capacity 8137K, committed 8192K, reserved 1048576K
Event: 27.204 GC heap after
Heap after GC invocations=17 (full 3):
 PSYoungGen      total 175616K, used 0K [0x00000000d5580000, 0x00000000e2800000, 0x0000000100000000)
  eden space 158720K, 0% used [0x00000000d5580000,0x00000000d5580000,0x00000000df080000)
  from space 16896K, 0% used [0x00000000e0200000,0x00000000e0200000,0x00000000e1280000)
  to   space 17920K, 0% used [0x00000000df080000,0x00000000df080000,0x00000000e0200000)
 ParOldGen       total 113152K, used 35397K [0x0000000080000000, 0x0000000086e80000, 0x00000000d5580000)
  object space 113152K, 31% used [0x0000000080000000,0x00000000822914a8,0x0000000086e80000)
 Metaspace       used 56565K, capacity 58800K, committed 59028K, reserved 1099776K
  class space    used 7652K, capacity 8111K, committed 8192K, reserved 1048576K
}
Event: 31.115 GC heap before
{Heap before GC invocations=18 (full 3):
 PSYoungGen      total 175616K, used 158720K [0x00000000d5580000, 0x00000000e2800000, 0x0000000100000000)
  eden space 158720K, 100% used [0x00000000d5580000,0x00000000df080000,0x00000000df080000)
  from space 16896K, 0% used [0x00000000e0200000,0x00000000e0200000,0x00000000e1280000)
  to   space 17920K, 0% used [0x00000000df080000,0x00000000df080000,0x00000000e0200000)
 ParOldGen       total 113152K, used 35397K [0x0000000080000000, 0x0000000086e80000, 0x00000000d5580000)
  object space 113152K, 31% used [0x0000000080000000,0x00000000822914a8,0x0000000086e80000)
 Metaspace       used 65493K, capacity 68534K, committed 68824K, reserved 1107968K
  class space    used 9017K, capacity 9620K, committed 9728K, reserved 1048576K
Event: 31.149 GC heap after
Heap after GC invocations=18 (full 3):
 PSYoungGen      total 176640K, used 15513K [0x00000000d5580000, 0x00000000e3600000, 0x0000000100000000)
  eden space 158720K, 0% used [0x00000000d5580000,0x00000000d5580000,0x00000000df080000)
  from space 17920K, 86% used [0x00000000df080000,0x00000000dffa65a8,0x00000000e0200000)
  to   space 19968K, 0% used [0x00000000e2280000,0x00000000e2280000,0x00000000e3600000)
 ParOldGen       total 113152K, used 35405K [0x0000000080000000, 0x0000000086e80000, 0x00000000d5580000)
  object space 113152K, 31% used [0x0000000080000000,0x00000000822934a8,0x0000000086e80000)
 Metaspace       used 65493K, capacity 68534K, committed 68824K, reserved 1107968K
  class space    used 9017K, capacity 9620K, committed 9728K, reserved 1048576K
}
Event: 33.501 GC heap before
{Heap before GC invocations=19 (full 3):
 PSYoungGen      total 176640K, used 174233K [0x00000000d5580000, 0x00000000e3600000, 0x0000000100000000)
  eden space 158720K, 100% used [0x00000000d5580000,0x00000000df080000,0x00000000df080000)
  from space 17920K, 86% used [0x00000000df080000,0x00000000dffa65a8,0x00000000e0200000)
  to   space 19968K, 0% used [0x00000000e2280000,0x00000000e2280000,0x00000000e3600000)
 ParOldGen       total 113152K, used 35405K [0x0000000080000000, 0x0000000086e80000, 0x00000000d5580000)
  object space 113152K, 31% used [0x0000000080000000,0x00000000822934a8,0x0000000086e80000)
 Metaspace       used 69703K, capacity 72732K, committed 72920K, reserved 1112064K
  class space    used 9528K, capacity 10125K, committed 10240K, reserved 1048576K
Event: 33.529 GC heap after
Heap after GC invocations=19 (full 3):
 PSYoungGen      total 206848K, used 19965K [0x00000000d5580000, 0x00000000e3980000, 0x0000000100000000)
  eden space 186880K, 0% used [0x00000000d5580000,0x00000000d5580000,0x00000000e0c00000)
  from space 19968K, 99% used [0x00000000e2280000,0x00000000e35ff7f8,0x00000000e3600000)
  to   space 23040K, 0% used [0x00000000e0c00000,0x00000000e0c00000,0x00000000e2280000)
 ParOldGen       total 113152K, used 36336K [0x0000000080000000, 0x0000000086e80000, 0x00000000d5580000)
  object space 113152K, 32% used [0x0000000080000000,0x000000008237c1d8,0x0000000086e80000)
 Metaspace       used 69703K, capacity 72732K, committed 72920K, reserved 1112064K
  class space    used 9528K, capacity 10125K, committed 10240K, reserved 1048576K
}
Event: 430.276 GC heap before
{Heap before GC invocations=20 (full 3):
 PSYoungGen      total 206848K, used 206845K [0x00000000d5580000, 0x00000000e3980000, 0x0000000100000000)
  eden space 186880K, 100% used [0x00000000d5580000,0x00000000e0c00000,0x00000000e0c00000)
  from space 19968K, 99% used [0x00000000e2280000,0x00000000e35ff7f8,0x00000000e3600000)
  to   space 23040K, 0% used [0x00000000e0c00000,0x00000000e0c00000,0x00000000e2280000)
 ParOldGen       total 113152K, used 36336K [0x0000000080000000, 0x0000000086e80000, 0x00000000d5580000)
  object space 113152K, 32% used [0x0000000080000000,0x000000008237c1d8,0x0000000086e80000)
 Metaspace       used 74927K, capacity 78168K, committed 78424K, reserved 1118208K
  class space    used 9925K, capacity 10515K, committed 10624K, reserved 1048576K
Event: 430.878 GC heap after
Heap after GC invocations=20 (full 3):
 PSYoungGen      total 209920K, used 22147K [0x00000000d5580000, 0x00000000e5280000, 0x0000000100000000)
  eden space 186880K, 0% used [0x00000000d5580000,0x00000000d5580000,0x00000000e0c00000)
  from space 23040K, 96% used [0x00000000e0c00000,0x00000000e21a0c40,0x00000000e2280000)
  to   space 26624K, 0% used [0x00000000e3880000,0x00000000e3880000,0x00000000e5280000)
 ParOldGen       total 113152K, used 44501K [0x0000000080000000, 0x0000000086e80000, 0x00000000d5580000)
  object space 113152K, 39% used [0x0000000080000000,0x0000000082b75748,0x0000000086e80000)
 Metaspace       used 74927K, capacity 78168K, committed 78424K, reserved 1118208K
  class space    used 9925K, capacity 10515K, committed 10624K, reserved 1048576K
}
Event: 460.055 GC heap before
{Heap before GC invocations=21 (full 3):
 PSYoungGen      total 209920K, used 209027K [0x00000000d5580000, 0x00000000e5280000, 0x0000000100000000)
  eden space 186880K, 100% used [0x00000000d5580000,0x00000000e0c00000,0x00000000e0c00000)
  from space 23040K, 96% used [0x00000000e0c00000,0x00000000e21a0c40,0x00000000e2280000)
  to   space 26624K, 0% used [0x00000000e3880000,0x00000000e3880000,0x00000000e5280000)
 ParOldGen       total 113152K, used 44501K [0x0000000080000000, 0x0000000086e80000, 0x00000000d5580000)
  object space 113152K, 39% used [0x0000000080000000,0x0000000082b75748,0x0000000086e80000)
 Metaspace       used 78761K, capacity 82352K, committed 82392K, reserved 1120256K
  class space    used 10376K, capacity 10997K, committed 11008K, reserved 1048576K
Event: 460.127 GC heap after
Heap after GC invocations=21 (full 3):
 PSYoungGen      total 229376K, used 23749K [0x00000000d5580000, 0x00000000e5580000, 0x0000000100000000)
  eden space 202752K, 0% used [0x00000000d5580000,0x00000000d5580000,0x00000000e1b80000)
  from space 26624K, 89% used [0x00000000e3880000,0x00000000e4fb1748,0x00000000e5280000)
  to   space 29696K, 0% used [0x00000000e1b80000,0x00000000e1b80000,0x00000000e3880000)
 ParOldGen       total 113152K, used 44509K [0x0000000080000000, 0x0000000086e80000, 0x00000000d5580000)
  object space 113152K, 39% used [0x0000000080000000,0x0000000082b77748,0x0000000086e80000)
 Metaspace       used 78761K, capacity 82352K, committed 82392K, reserved 1120256K
  class space    used 10376K, capacity 10997K, committed 11008K, reserved 1048576K
}

